<?xml version="1.0" encoding="UTF-8"?>
<testsuite xmlns:xsi="http://www.w3.org/2001/XMLSchema-instance" xsi:noNamespaceSchemaLocation="https://maven.apache.org/surefire/maven-surefire-plugin/xsd/surefire-test-report.xsd" name="fr.satysko.WorldDaoTest" time="0.001" tests="4" errors="4" skipped="0" failures="0">
  <properties>
[...]
</properties>
  <testcase name="cascadeCellTest" classname="fr.satysko.WorldDaoTest" time="0.001">
    <error type="java.lang.NullPointerException">java.lang.NullPointerException
	at fr.satysko.WorldDaoTest.cascadeCellTest(WorldDaoTest.java:29)
</error>
  </testcase>
  <testcase name="cascadeCellTest" classname="fr.satysko.WorldDaoTest" time="0.001">
    <error type="java.lang.NullPointerException">java.lang.NullPointerException
	at fr.satysko.WorldDaoTest.postTest(WorldDaoTest.java:40)
</error>
  </testcase>
  <testcase name="newEntry" classname="fr.satysko.WorldDaoTest" time="0">
    <error type="java.lang.NullPointerException">java.lang.NullPointerException
	at fr.satysko.WorldDaoTest.newEntry(WorldDaoTest.java:18)
</error>
  </testcase>
  <testcase name="newEntry" classname="fr.satysko.WorldDaoTest" time="0">
    <error type="java.lang.NullPointerException">java.lang.NullPointerException
	at fr.satysko.WorldDaoTest.postTest(WorldDaoTest.java:40)
</error>
  </testcase>
</testsuite>